[2025-10-31 03:04:40,594] [INFO] Database initialized successfully.
[2025-10-31 03:04:40,595] [INFO] Rate limiter initialized
[2025-10-31 03:04:40,628] [INFO] Forensic analyzer initialized
[2025-10-31 03:04:40,630] [INFO] Starting enhanced backend server...
[2025-10-31 03:04:40,630] [INFO] Blockchain enabled: False
[2025-10-31 03:04:40,630] [INFO] Rate limiting enabled: True
[2025-10-31 03:04:40,630] [INFO] Forensics enabled: True
[2025-10-31 03:04:40,634] [INFO] [31m[1mWARNING: This is a development server. Do not use it in a production deployment. Use a production WSGI server instead.[0m
 * Running on http://127.0.0.1:5000
[2025-10-31 03:04:40,634] [INFO] [33mPress CTRL+C to quit[0m
[2025-10-31 03:05:04,206] [INFO] Database initialized successfully.
[2025-10-31 03:05:04,227] [INFO] Blockchain integration initialized for account 0x0B17E471c15769C78028275aaA7F242bA39755c7
[2025-10-31 03:05:04,227] [INFO] Blockchain integration initialized
[2025-10-31 03:05:04,228] [INFO] Rate limiter initialized
[2025-10-31 03:05:04,228] [INFO] Forensic analyzer initialized
[2025-10-31 03:05:04,230] [INFO] Starting enhanced backend server...
[2025-10-31 03:05:04,230] [INFO] Blockchain enabled: True
[2025-10-31 03:05:04,230] [INFO] Rate limiting enabled: True
[2025-10-31 03:05:04,231] [INFO] Forensics enabled: True
[2025-10-31 03:05:04,235] [INFO] [31m[1mWARNING: This is a development server. Do not use it in a production deployment. Use a production WSGI server instead.[0m
 * Running on http://127.0.0.1:5000
[2025-10-31 03:05:04,235] [INFO] [33mPress CTRL+C to quit[0m
[2025-10-31 03:06:17,057] [INFO] Request 1761860177052_-4011156628741067659 completed in 0.005s
[2025-10-31 03:06:17,058] [INFO] 127.0.0.1 - - [31/Oct/2025 03:06:17] "GET /health HTTP/1.1" 200 -
[2025-10-31 03:11:51,180] [WARNING] Invalid signature: meter=meter1
[2025-10-31 03:11:51,180] [INFO] Request 1761860511172_-4011156628741067659 completed in 0.008s
[2025-10-31 03:11:51,181] [INFO] 127.0.0.1 - - [31/Oct/2025 03:11:51] "[31m[1mPOST /submitReading HTTP/1.1[0m" 400 -
[2025-10-31 03:12:01,182] [WARNING] Invalid signature: meter=meter1
[2025-10-31 03:12:01,182] [INFO] Request 1761860521176_-4011156628741067659 completed in 0.006s
[2025-10-31 03:12:01,182] [INFO] 127.0.0.1 - - [31/Oct/2025 03:12:01] "[31m[1mPOST /submitReading HTTP/1.1[0m" 400 -
[2025-10-31 03:12:11,186] [WARNING] Invalid signature: meter=meter1
[2025-10-31 03:12:11,186] [INFO] Request 1761860531180_-4011156628741067659 completed in 0.006s
[2025-10-31 03:12:11,186] [INFO] 127.0.0.1 - - [31/Oct/2025 03:12:11] "[31m[1mPOST /submitReading HTTP/1.1[0m" 400 -
[2025-10-31 03:14:27,822] [WARNING] Invalid signature: meter=meter1
[2025-10-31 03:14:27,822] [INFO] Request 1761860667814_-4011156628741067659 completed in 0.007s
[2025-10-31 03:14:27,822] [INFO] 127.0.0.1 - - [31/Oct/2025 03:14:27] "[31m[1mPOST /submitReading HTTP/1.1[0m" 400 -
[2025-10-31 03:14:37,824] [WARNING] Invalid signature: meter=meter1
[2025-10-31 03:14:37,825] [INFO] Request 1761860677818_-4011156628741067659 completed in 0.006s
[2025-10-31 03:14:37,825] [INFO] 127.0.0.1 - - [31/Oct/2025 03:14:37] "[31m[1mPOST /submitReading HTTP/1.1[0m" 400 -
[2025-10-31 03:19:57,960] [WARNING] Invalid signature: meter=meter1
[2025-10-31 03:19:57,960] [INFO] Request 1761860997954_-4011156628741067659 completed in 0.006s
[2025-10-31 03:19:57,960] [INFO] 127.0.0.1 - - [31/Oct/2025 03:19:57] "[31m[1mPOST /submitReading HTTP/1.1[0m" 400 -
[2025-10-31 03:20:19,230] [ERROR] Failed to store reading on chain: 
ABI Not Found!
Found 1 element(s) named `storeReading` that accept 7 argument(s).
The provided arguments are not valid.
Provided argument types: (address,int,int,int,bytes,int,str)
Provided keyword argument types: {}

Tried to find a matching ABI element named `storeReading`, but encountered the following problems:
Signature: storeReading(address,uint256,uint256,uint256,bytes32,uint256,string[]), type: function
Argument 1 value `0x7e994d1943D223587E713ecBabf9ca1a79cf251b` is valid.
Argument 2 value `1` is valid.
Argument 3 value `1761861019` is valid.
Argument 4 value `42530` is valid.
Argument 5 value `b'\x0e\xb2\xdb\x86\x7f\x1e\x97\xa5\x83y\x05!\\\xe6R\xea\x8dE\x00\xd1\x1f\xd7\xa7\xfa\x06\x9e\x86\x0c\r\x80~\x1e\\8\xdb\xf0\x013\xd1\xa0\x993\xd9\x15\x1d\xb1\x10\xca\xfc\xf5N\x06\xf6\x0fh\xd3\xb5Iu\xe5\xa4\xfbK\xfc\x1b'` is not compatible with type `bytes32`.
Argument 6 value `500` is valid.
Argument 7 value `['abnormal-value (425.3)']` is valid.

[2025-10-31 03:20:19,241] [INFO] Stored reading: meter=0x7e994d1943D223587E713ecBabf9ca1a79cf251b seq=1 suspicious=False score=0.5
[2025-10-31 03:20:19,241] [INFO] Stored reading: meter=0x7e994d1943D223587E713ecBabf9ca1a79cf251b seq=1 suspicious=False score=0.5
[2025-10-31 03:20:19,241] [INFO] Request 1761861019219_-4011156628741067659 completed in 0.022s
[2025-10-31 03:20:19,242] [INFO] 127.0.0.1 - - [31/Oct/2025 03:20:19] "POST /submitReading HTTP/1.1" 200 -
[2025-10-31 03:20:29,230] [ERROR] Failed to store reading on chain: 
ABI Not Found!
Found 1 element(s) named `storeReading` that accept 7 argument(s).
The provided arguments are not valid.
Provided argument types: (address,int,int,int,bytes,int,str)
Provided keyword argument types: {}

Tried to find a matching ABI element named `storeReading`, but encountered the following problems:
Signature: storeReading(address,uint256,uint256,uint256,bytes32,uint256,string[]), type: function
Argument 1 value `0x7e994d1943D223587E713ecBabf9ca1a79cf251b` is valid.
Argument 2 value `2` is valid.
Argument 3 value `1761861029` is valid.
Argument 4 value `67124` is valid.
Argument 5 value `b'\xa3f\x90{\xcd\x1dv\xd4~(\xbf\x82\x10vAG8r>,\xf8;\xd9\xa1\xafBw\x07\xe6\x0b\xfe\xf0U\x92\x9ed\xbf[f\xb1\xfe\x90\x15i\x87\x8d\xbf\x1a@\xf4D\xf3E\xc9\x83\xd2\xf9\x95\xf2?o\x01[\xc0\x1b'` is not compatible with type `bytes32`.
Argument 6 value `500` is valid.
Argument 7 value `['abnormal-value (671.24)']` is valid.

[2025-10-31 03:20:29,238] [INFO] Stored reading: meter=0x7e994d1943D223587E713ecBabf9ca1a79cf251b seq=2 suspicious=False score=0.5
[2025-10-31 03:20:29,238] [INFO] Stored reading: meter=0x7e994d1943D223587E713ecBabf9ca1a79cf251b seq=2 suspicious=False score=0.5
[2025-10-31 03:20:29,238] [INFO] Request 1761861029222_-4011156628741067659 completed in 0.016s
[2025-10-31 03:20:29,238] [INFO] 127.0.0.1 - - [31/Oct/2025 03:20:29] "POST /submitReading HTTP/1.1" 200 -
[2025-10-31 03:20:39,235] [ERROR] Failed to store reading on chain: 
ABI Not Found!
Found 1 element(s) named `storeReading` that accept 7 argument(s).
The provided arguments are not valid.
Provided argument types: (address,int,int,int,bytes,int,str)
Provided keyword argument types: {}

Tried to find a matching ABI element named `storeReading`, but encountered the following problems:
Signature: storeReading(address,uint256,uint256,uint256,bytes32,uint256,string[]), type: function
Argument 1 value `0x7e994d1943D223587E713ecBabf9ca1a79cf251b` is valid.
Argument 2 value `3` is valid.
Argument 3 value `1761861039` is valid.
Argument 4 value `52524` is valid.
Argument 5 value `b'f\xdb\xe0\x08\x16\x1fB\xe2{\xe2Ws\xd0?\x9cH\x94\xb1\x81M\x81tA*\xfd\x03\x14\x9c`\x02R\x8c\x1bI.\xb3i\xccaW\xda\xe7A\xcaTc\xb84\xe6\xbfQf\x95D\xc6ah\xe2\x9b\xb8\n\xd0\x11\x00\x1b'` is not compatible with type `bytes32`.
Argument 6 value `500` is valid.
Argument 7 value `['abnormal-value (525.24)']` is valid.

[2025-10-31 03:20:39,279] [INFO] Stored reading: meter=0x7e994d1943D223587E713ecBabf9ca1a79cf251b seq=3 suspicious=False score=0.5
[2025-10-31 03:20:39,280] [INFO] Stored reading: meter=0x7e994d1943D223587E713ecBabf9ca1a79cf251b seq=3 suspicious=False score=0.5
[2025-10-31 03:20:39,280] [INFO] Request 1761861039227_-4011156628741067659 completed in 0.053s
[2025-10-31 03:20:39,280] [INFO] 127.0.0.1 - - [31/Oct/2025 03:20:39] "POST /submitReading HTTP/1.1" 200 -
[2025-10-31 03:20:49,239] [ERROR] Failed to store reading on chain: 
ABI Not Found!
Found 1 element(s) named `storeReading` that accept 7 argument(s).
The provided arguments are not valid.
Provided argument types: (address,int,int,int,bytes,int,str)
Provided keyword argument types: {}

Tried to find a matching ABI element named `storeReading`, but encountered the following problems:
Signature: storeReading(address,uint256,uint256,uint256,bytes32,uint256,string[]), type: function
Argument 1 value `0x7e994d1943D223587E713ecBabf9ca1a79cf251b` is valid.
Argument 2 value `4` is valid.
Argument 3 value `1761861049` is valid.
Argument 4 value `34820` is valid.
Argument 5 value `b"\r\x1d\x02#\xe1n\x19\xe5\xbd\xbd\x98\xc6\xd8\x97s\xb1\xbe\x1fcQ\x9d\x83M\x8eU\x1c\x843\xeb\x9d*\xd5:\xc9(\x0cm\x9buK\xe3\xc9\xee\xfeO\x98`\x80a\xf9\xdb'\xfe\x07\x8b\xa7\xb9\xa8r\xa6\tA\xaf4\x1b"` is not compatible with type `bytes32`.
Argument 6 value `500` is valid.
Argument 7 value `['abnormal-value (348.2)']` is valid.

[2025-10-31 03:20:49,283] [INFO] Stored reading: meter=0x7e994d1943D223587E713ecBabf9ca1a79cf251b seq=4 suspicious=False score=0.5
[2025-10-31 03:20:49,283] [INFO] Stored reading: meter=0x7e994d1943D223587E713ecBabf9ca1a79cf251b seq=4 suspicious=False score=0.5
[2025-10-31 03:20:49,283] [INFO] Request 1761861049232_-4011156628741067659 completed in 0.052s
[2025-10-31 03:20:49,284] [INFO] 127.0.0.1 - - [31/Oct/2025 03:20:49] "POST /submitReading HTTP/1.1" 200 -
[2025-10-31 03:20:59,242] [WARNING] IDS unavailable: HTTPConnectionPool(host='127.0.0.1', port=5100): Max retries exceeded with url: /check (Caused by NewConnectionError('<urllib3.connection.HTTPConnection object at 0x7aab661b34d0>: Failed to establish a new connection: [Errno 111] Connection refused'))
[2025-10-31 03:20:59,251] [ERROR] Failed to store reading on chain: 
ABI Not Found!
Found 1 element(s) named `storeReading` that accept 7 argument(s).
The provided arguments are not valid.
Provided argument types: (address,int,int,int,bytes,int,)
Provided keyword argument types: {}

Tried to find a matching ABI element named `storeReading`, but encountered the following problems:
Signature: storeReading(address,uint256,uint256,uint256,bytes32,uint256,string[]), type: function
Argument 1 value `0x7e994d1943D223587E713ecBabf9ca1a79cf251b` is valid.
Argument 2 value `5` is valid.
Argument 3 value `1761861059` is valid.
Argument 4 value `42481` is valid.
Argument 5 value `b'6+T\x0e\xd4(\xcai \xb8o\xb0\xde\xec\x14\xca\xc0\x00\x9f \x0f\xd6\x11\xfb\xc0\x7f\xfe>B\xcf\xae\x91\x1bU\xf4J\xd6b(i\xb3_\xa4\xae\xccVoU?jR+\xaf\xee\x8aj\x96Y8\xa8Bs\x11j\x1b'` is not compatible with type `bytes32`.
Argument 6 value `0` is valid.
Argument 7 value `[]` is valid.

[2025-10-31 03:20:59,258] [INFO] Stored reading: meter=0x7e994d1943D223587E713ecBabf9ca1a79cf251b seq=5 suspicious=False score=0.0
[2025-10-31 03:20:59,258] [INFO] Stored reading: meter=0x7e994d1943D223587E713ecBabf9ca1a79cf251b seq=5 suspicious=False score=0.0
[2025-10-31 03:20:59,258] [INFO] Request 1761861059236_-4011156628741067659 completed in 0.023s
[2025-10-31 03:20:59,259] [INFO] 127.0.0.1 - - [31/Oct/2025 03:20:59] "POST /submitReading HTTP/1.1" 200 -
[2025-10-31 03:26:43,101] [INFO] Database initialized successfully.
[2025-10-31 03:26:43,121] [INFO] Blockchain integration initialized for account 0x0B17E471c15769C78028275aaA7F242bA39755c7
[2025-10-31 03:26:43,121] [INFO] Blockchain integration initialized
[2025-10-31 03:26:43,121] [INFO] Rate limiter initialized
[2025-10-31 03:26:43,122] [INFO] Forensic analyzer initialized
[2025-10-31 03:26:43,125] [INFO] Starting enhanced backend server...
[2025-10-31 03:26:43,125] [INFO] Blockchain enabled: True
[2025-10-31 03:26:43,125] [INFO] Rate limiting enabled: True
[2025-10-31 03:26:43,125] [INFO] Forensics enabled: True
[2025-10-31 03:26:43,129] [INFO] [31m[1mWARNING: This is a development server. Do not use it in a production deployment. Use a production WSGI server instead.[0m
 * Running on http://127.0.0.1:5000
[2025-10-31 03:26:43,130] [INFO] [33mPress CTRL+C to quit[0m
[2025-10-31 03:26:52,319] [WARNING] Non-increasing sequence: meter=0x7e994d1943D223587E713ecBabf9ca1a79cf251b seq=1 last_seq=5
[2025-10-31 03:26:52,319] [INFO] Request 1761861412312_3998343021132922604 completed in 0.007s
[2025-10-31 03:26:52,320] [INFO] 127.0.0.1 - - [31/Oct/2025 03:26:52] "[31m[1mPOST /submitReading HTTP/1.1[0m" 409 -
[2025-10-31 03:27:02,321] [WARNING] Non-increasing sequence: meter=0x7e994d1943D223587E713ecBabf9ca1a79cf251b seq=2 last_seq=5
[2025-10-31 03:27:02,321] [INFO] Request 1761861422315_3998343021132922604 completed in 0.006s
[2025-10-31 03:27:02,321] [INFO] 127.0.0.1 - - [31/Oct/2025 03:27:02] "[31m[1mPOST /submitReading HTTP/1.1[0m" 409 -
[2025-10-31 03:27:12,325] [WARNING] Non-increasing sequence: meter=0x7e994d1943D223587E713ecBabf9ca1a79cf251b seq=3 last_seq=5
[2025-10-31 03:27:12,326] [INFO] Request 1761861432320_3998343021132922604 completed in 0.006s
[2025-10-31 03:27:12,326] [INFO] 127.0.0.1 - - [31/Oct/2025 03:27:12] "[31m[1mPOST /submitReading HTTP/1.1[0m" 409 -
[2025-10-31 03:27:31,843] [WARNING] Non-increasing sequence: meter=0x7e994d1943D223587E713ecBabf9ca1a79cf251b seq=1 last_seq=5
[2025-10-31 03:27:31,843] [INFO] Request 1761861451837_3998343021132922604 completed in 0.007s
[2025-10-31 03:27:31,844] [INFO] 127.0.0.1 - - [31/Oct/2025 03:27:31] "[31m[1mPOST /submitReading HTTP/1.1[0m" 409 -
[2025-10-31 03:27:41,848] [WARNING] Non-increasing sequence: meter=0x7e994d1943D223587E713ecBabf9ca1a79cf251b seq=2 last_seq=5
[2025-10-31 03:27:41,848] [INFO] Request 1761861461842_3998343021132922604 completed in 0.006s
[2025-10-31 03:27:41,848] [INFO] 127.0.0.1 - - [31/Oct/2025 03:27:41] "[31m[1mPOST /submitReading HTTP/1.1[0m" 409 -
[2025-10-31 03:27:51,852] [WARNING] Non-increasing sequence: meter=0x7e994d1943D223587E713ecBabf9ca1a79cf251b seq=3 last_seq=5
[2025-10-31 03:27:51,852] [INFO] Request 1761861471846_3998343021132922604 completed in 0.006s
[2025-10-31 03:27:51,852] [INFO] 127.0.0.1 - - [31/Oct/2025 03:27:51] "[31m[1mPOST /submitReading HTTP/1.1[0m" 409 -
[2025-10-31 03:28:01,856] [WARNING] Non-increasing sequence: meter=0x7e994d1943D223587E713ecBabf9ca1a79cf251b seq=4 last_seq=5
[2025-10-31 03:28:01,857] [INFO] Request 1761861481850_3998343021132922604 completed in 0.006s
[2025-10-31 03:28:01,857] [INFO] 127.0.0.1 - - [31/Oct/2025 03:28:01] "[31m[1mPOST /submitReading HTTP/1.1[0m" 409 -
[2025-10-31 03:28:11,860] [WARNING] Non-increasing sequence: meter=0x7e994d1943D223587E713ecBabf9ca1a79cf251b seq=5 last_seq=5
[2025-10-31 03:28:11,860] [INFO] Request 1761861491854_3998343021132922604 completed in 0.006s
[2025-10-31 03:28:11,860] [INFO] 127.0.0.1 - - [31/Oct/2025 03:28:11] "[31m[1mPOST /submitReading HTTP/1.1[0m" 409 -
[2025-10-31 03:30:10,654] [INFO] Database initialized successfully.
[2025-10-31 03:30:10,670] [INFO] Blockchain integration initialized for account 0x0B17E471c15769C78028275aaA7F242bA39755c7
[2025-10-31 03:30:10,670] [INFO] Blockchain integration initialized
[2025-10-31 03:30:10,670] [INFO] Rate limiter initialized
[2025-10-31 03:30:10,671] [INFO] Forensic analyzer initialized
[2025-10-31 03:30:10,673] [INFO] Starting enhanced backend server...
[2025-10-31 03:30:10,673] [INFO] Blockchain enabled: True
[2025-10-31 03:30:10,673] [INFO] Rate limiting enabled: True
[2025-10-31 03:30:10,673] [INFO] Forensics enabled: True
[2025-10-31 03:30:10,677] [INFO] [31m[1mWARNING: This is a development server. Do not use it in a production deployment. Use a production WSGI server instead.[0m
 * Running on http://127.0.0.1:5000
[2025-10-31 03:30:10,677] [INFO] [33mPress CTRL+C to quit[0m
[2025-10-31 03:30:31,268] [ERROR] Failed to store reading on chain: {'message': 'insufficient funds for gas * price + value', 'stack': 'Error: insufficient funds for gas * price + value\n    at TransactionPool.prepareTransaction (/home/rameswar-panda/.nvm/versions/node/v20.19.5/lib/node_modules/ganache/dist/node/1.js:2:187813)', 'code': -32003}
[2025-10-31 03:30:31,277] [INFO] Stored reading: meter=0x7e994d1943D223587E713ecBabf9ca1a79cf251b seq=1 suspicious=False score=0.5
[2025-10-31 03:30:31,277] [INFO] Stored reading: meter=0x7e994d1943D223587E713ecBabf9ca1a79cf251b seq=1 suspicious=False score=0.5
[2025-10-31 03:30:31,277] [INFO] Request 1761861631237_6028670221319928674 completed in 0.040s
[2025-10-31 03:30:31,278] [INFO] 127.0.0.1 - - [31/Oct/2025 03:30:31] "POST /submitReading HTTP/1.1" 200 -
[2025-10-31 03:30:41,258] [ERROR] Failed to store reading on chain: {'message': 'insufficient funds for gas * price + value', 'stack': 'Error: insufficient funds for gas * price + value\n    at TransactionPool.prepareTransaction (/home/rameswar-panda/.nvm/versions/node/v20.19.5/lib/node_modules/ganache/dist/node/1.js:2:187813)', 'code': -32003}
[2025-10-31 03:30:41,268] [INFO] Stored reading: meter=0x7e994d1943D223587E713ecBabf9ca1a79cf251b seq=2 suspicious=False score=0.5
[2025-10-31 03:30:41,268] [INFO] Stored reading: meter=0x7e994d1943D223587E713ecBabf9ca1a79cf251b seq=2 suspicious=False score=0.5
[2025-10-31 03:30:41,268] [INFO] Request 1761861641241_6028670221319928674 completed in 0.027s
[2025-10-31 03:30:41,268] [INFO] 127.0.0.1 - - [31/Oct/2025 03:30:41] "POST /submitReading HTTP/1.1" 200 -
[2025-10-31 03:30:51,262] [ERROR] Failed to store reading on chain: {'message': 'insufficient funds for gas * price + value', 'stack': 'Error: insufficient funds for gas * price + value\n    at TransactionPool.prepareTransaction (/home/rameswar-panda/.nvm/versions/node/v20.19.5/lib/node_modules/ganache/dist/node/1.js:2:187813)', 'code': -32003}
[2025-10-31 03:30:51,270] [INFO] Stored reading: meter=0x7e994d1943D223587E713ecBabf9ca1a79cf251b seq=3 suspicious=False score=0.5
[2025-10-31 03:30:51,270] [INFO] Stored reading: meter=0x7e994d1943D223587E713ecBabf9ca1a79cf251b seq=3 suspicious=False score=0.5
[2025-10-31 03:30:51,270] [INFO] Request 1761861651245_6028670221319928674 completed in 0.025s
[2025-10-31 03:30:51,271] [INFO] 127.0.0.1 - - [31/Oct/2025 03:30:51] "POST /submitReading HTTP/1.1" 200 -
[2025-10-31 03:31:01,272] [ERROR] Failed to store reading on chain: {'message': 'insufficient funds for gas * price + value', 'stack': 'Error: insufficient funds for gas * price + value\n    at TransactionPool.prepareTransaction (/home/rameswar-panda/.nvm/versions/node/v20.19.5/lib/node_modules/ganache/dist/node/1.js:2:187813)', 'code': -32003}
[2025-10-31 03:31:01,281] [INFO] Stored reading: meter=0x7e994d1943D223587E713ecBabf9ca1a79cf251b seq=4 suspicious=False score=0.5
[2025-10-31 03:31:01,281] [INFO] Stored reading: meter=0x7e994d1943D223587E713ecBabf9ca1a79cf251b seq=4 suspicious=False score=0.5
[2025-10-31 03:31:01,281] [INFO] Request 1761861661249_6028670221319928674 completed in 0.032s
[2025-10-31 03:31:01,282] [INFO] 127.0.0.1 - - [31/Oct/2025 03:31:01] "POST /submitReading HTTP/1.1" 200 -
[2025-10-31 03:37:08,740] [INFO] Database initialized successfully.
[2025-10-31 03:37:08,755] [INFO] Blockchain integration initialized for account 0x0B17E471c15769C78028275aaA7F242bA39755c7
[2025-10-31 03:37:08,755] [INFO] Blockchain integration initialized
[2025-10-31 03:37:08,755] [INFO] Rate limiter initialized
[2025-10-31 03:37:08,756] [INFO] Forensic analyzer initialized
[2025-10-31 03:37:08,759] [INFO] Starting enhanced backend server...
[2025-10-31 03:37:08,759] [INFO] Blockchain enabled: True
[2025-10-31 03:37:08,759] [INFO] Rate limiting enabled: True
[2025-10-31 03:37:08,759] [INFO] Forensics enabled: True
[2025-10-31 03:37:08,765] [INFO] [31m[1mWARNING: This is a development server. Do not use it in a production deployment. Use a production WSGI server instead.[0m
 * Running on http://127.0.0.1:5000
[2025-10-31 03:37:08,765] [INFO] [33mPress CTRL+C to quit[0m
[2025-10-31 03:37:17,217] [WARNING] Non-increasing sequence: meter=0x7e994d1943D223587E713ecBabf9ca1a79cf251b seq=1 last_seq=4
[2025-10-31 03:37:17,217] [INFO] Request 1761862037209_-3617289051167012082 completed in 0.008s
[2025-10-31 03:37:17,217] [INFO] 127.0.0.1 - - [31/Oct/2025 03:37:17] "[31m[1mPOST /submitReading HTTP/1.1[0m" 409 -
[2025-10-31 03:37:38,989] [INFO] Database initialized successfully.
[2025-10-31 03:37:39,004] [INFO] Blockchain integration initialized for account 0x0B17E471c15769C78028275aaA7F242bA39755c7
[2025-10-31 03:37:39,004] [INFO] Blockchain integration initialized
[2025-10-31 03:37:39,005] [INFO] Rate limiter initialized
[2025-10-31 03:37:39,006] [INFO] Forensic analyzer initialized
[2025-10-31 03:37:39,008] [INFO] Starting enhanced backend server...
[2025-10-31 03:37:39,008] [INFO] Blockchain enabled: True
[2025-10-31 03:37:39,008] [INFO] Rate limiting enabled: True
[2025-10-31 03:37:39,008] [INFO] Forensics enabled: True
[2025-10-31 03:37:39,013] [INFO] [31m[1mWARNING: This is a development server. Do not use it in a production deployment. Use a production WSGI server instead.[0m
 * Running on http://127.0.0.1:5000
[2025-10-31 03:37:39,013] [INFO] [33mPress CTRL+C to quit[0m
[2025-10-31 03:38:36,599] [ERROR] Failed to store reading on chain: {'message': 'insufficient funds for gas * price + value', 'stack': 'Error: insufficient funds for gas * price + value\n    at TransactionPool.prepareTransaction (/home/rameswar-panda/.nvm/versions/node/v20.19.5/lib/node_modules/ganache/dist/node/1.js:2:187813)', 'code': -32003}
[2025-10-31 03:38:36,607] [INFO] Stored reading: meter=0x7e994d1943D223587E713ecBabf9ca1a79cf251b seq=1 suspicious=False score=0.5
[2025-10-31 03:38:36,608] [INFO] Stored reading: meter=0x7e994d1943D223587E713ecBabf9ca1a79cf251b seq=1 suspicious=False score=0.5
[2025-10-31 03:38:36,608] [INFO] Request 1761862116573_2797788522888836981 completed in 0.035s
[2025-10-31 03:38:36,608] [INFO] 127.0.0.1 - - [31/Oct/2025 03:38:36] "POST /submitReading HTTP/1.1" 200 -
[2025-10-31 03:38:46,593] [ERROR] Failed to store reading on chain: {'message': 'insufficient funds for gas * price + value', 'stack': 'Error: insufficient funds for gas * price + value\n    at TransactionPool.prepareTransaction (/home/rameswar-panda/.nvm/versions/node/v20.19.5/lib/node_modules/ganache/dist/node/1.js:2:187813)', 'code': -32003}
[2025-10-31 03:38:46,602] [INFO] Stored reading: meter=0x7e994d1943D223587E713ecBabf9ca1a79cf251b seq=2 suspicious=False score=0.5
[2025-10-31 03:38:46,602] [INFO] Stored reading: meter=0x7e994d1943D223587E713ecBabf9ca1a79cf251b seq=2 suspicious=False score=0.5
[2025-10-31 03:38:46,602] [INFO] Request 1761862126576_2797788522888836981 completed in 0.026s
[2025-10-31 03:38:46,602] [INFO] 127.0.0.1 - - [31/Oct/2025 03:38:46] "POST /submitReading HTTP/1.1" 200 -
[2025-10-31 03:40:41,367] [INFO] Database initialized successfully.
[2025-10-31 03:40:41,381] [INFO] Blockchain integration initialized for account 0x0B17E471c15769C78028275aaA7F242bA39755c7
[2025-10-31 03:40:41,381] [INFO] Blockchain integration initialized
[2025-10-31 03:40:41,381] [INFO] Rate limiter initialized
[2025-10-31 03:40:41,382] [INFO] Forensic analyzer initialized
[2025-10-31 03:40:41,385] [INFO] Starting enhanced backend server...
[2025-10-31 03:40:41,385] [INFO] Blockchain enabled: True
[2025-10-31 03:40:41,385] [INFO] Rate limiting enabled: True
[2025-10-31 03:40:41,385] [INFO] Forensics enabled: True
[2025-10-31 03:40:41,391] [INFO] [31m[1mWARNING: This is a development server. Do not use it in a production deployment. Use a production WSGI server instead.[0m
 * Running on http://127.0.0.1:5000
[2025-10-31 03:40:41,391] [INFO] [33mPress CTRL+C to quit[0m
[2025-10-31 03:41:48,563] [INFO] Database initialized successfully.
[2025-10-31 03:41:48,579] [INFO] Blockchain integration initialized for account 0x31186ddc8571Bc3E6BA60F6779A2f4659a27C11D
[2025-10-31 03:41:48,579] [INFO] Blockchain integration initialized
[2025-10-31 03:41:48,579] [INFO] Rate limiter initialized
[2025-10-31 03:41:48,580] [INFO] Forensic analyzer initialized
[2025-10-31 03:41:48,582] [INFO] Starting enhanced backend server...
[2025-10-31 03:41:48,582] [INFO] Blockchain enabled: True
[2025-10-31 03:41:48,582] [INFO] Rate limiting enabled: True
[2025-10-31 03:41:48,582] [INFO] Forensics enabled: True
[2025-10-31 03:41:48,587] [INFO] [31m[1mWARNING: This is a development server. Do not use it in a production deployment. Use a production WSGI server instead.[0m
 * Running on http://127.0.0.1:5000
[2025-10-31 03:41:48,587] [INFO] [33mPress CTRL+C to quit[0m
[2025-10-31 03:42:21,035] [INFO] Transaction submitted: 1f986ba0ab9cbb62b402636c52e859ada108a3f4ed2d1b9869935bce378b9927
[2025-10-31 03:42:21,035] [INFO] Stored on blockchain: 1f986ba0ab9cbb62b402636c52e859ada108a3f4ed2d1b9869935bce378b9927
[2025-10-31 03:42:21,042] [INFO] Stored reading: meter=0x7e994d1943D223587E713ecBabf9ca1a79cf251b seq=1 suspicious=False score=0.5
[2025-10-31 03:42:21,043] [INFO] Stored reading: meter=0x7e994d1943D223587E713ecBabf9ca1a79cf251b seq=1 suspicious=False score=0.5
[2025-10-31 03:42:21,043] [INFO] Request 1761862340982_-5082078385794109858 completed in 0.061s
[2025-10-31 03:42:21,043] [INFO] 127.0.0.1 - - [31/Oct/2025 03:42:21] "POST /submitReading HTTP/1.1" 200 -
[2025-10-31 03:42:31,017] [INFO] Transaction submitted: a0edefe470c9a8420249629a711fe26fb06d2d341a95829a742dde5df24a08cd
[2025-10-31 03:42:31,018] [INFO] Stored on blockchain: a0edefe470c9a8420249629a711fe26fb06d2d341a95829a742dde5df24a08cd
[2025-10-31 03:42:31,061] [INFO] Stored reading: meter=0x7e994d1943D223587E713ecBabf9ca1a79cf251b seq=2 suspicious=False score=0.5
[2025-10-31 03:42:31,061] [INFO] Stored reading: meter=0x7e994d1943D223587E713ecBabf9ca1a79cf251b seq=2 suspicious=False score=0.5
[2025-10-31 03:42:31,062] [INFO] Request 1761862350986_-5082078385794109858 completed in 0.076s
[2025-10-31 03:42:31,062] [INFO] 127.0.0.1 - - [31/Oct/2025 03:42:31] "POST /submitReading HTTP/1.1" 200 -
[2025-10-31 14:21:24,454] [INFO] Database initialized successfully.
[2025-10-31 14:21:24,455] [INFO] Rate limiter initialized
[2025-10-31 14:21:24,455] [INFO] Forensic analyzer initialized
[2025-10-31 14:21:24,459] [INFO] Starting enhanced backend server...
[2025-10-31 14:21:24,459] [INFO] Blockchain enabled: False
[2025-10-31 14:21:24,459] [INFO] Rate limiting enabled: True
[2025-10-31 14:21:24,459] [INFO] Forensics enabled: True
[2025-10-31 14:21:24,463] [INFO] [31m[1mWARNING: This is a development server. Do not use it in a production deployment. Use a production WSGI server instead.[0m
 * Running on http://127.0.0.1:5000
[2025-10-31 14:21:24,463] [INFO] [33mPress CTRL+C to quit[0m
[2025-10-31 14:21:32,392] [INFO] Request 1761900692388_7103192422452159445 completed in 0.003s
[2025-10-31 14:21:32,392] [INFO] 127.0.0.1 - - [31/Oct/2025 14:21:32] "[33mGET / HTTP/1.1[0m" 404 -
[2025-10-31 14:21:32,499] [INFO] Request 1761900692499_7103192422452159445 completed in 0.000s
[2025-10-31 14:21:32,500] [INFO] 127.0.0.1 - - [31/Oct/2025 14:21:32] "[33mGET /favicon.ico HTTP/1.1[0m" 404 -
[2025-10-31 14:30:18,525] [INFO] Stored reading: meter=0x7e994d1943D223587E713ecBabf9ca1a79cf251b seq=1 suspicious=False score=0.21
[2025-10-31 14:30:18,525] [INFO] Stored reading: meter=0x7e994d1943D223587E713ecBabf9ca1a79cf251b seq=1 suspicious=False score=0.21
[2025-10-31 14:30:18,526] [INFO] Request 1761901218487_7103192422452159445 completed in 0.039s
[2025-10-31 14:30:18,526] [INFO] 127.0.0.1 - - [31/Oct/2025 14:30:18] "POST /submitReading HTTP/1.1" 200 -
[2025-10-31 14:30:28,527] [INFO] Stored reading: meter=0x7e994d1943D223587E713ecBabf9ca1a79cf251b seq=2 suspicious=False score=0.035
[2025-10-31 14:30:28,527] [INFO] Stored reading: meter=0x7e994d1943D223587E713ecBabf9ca1a79cf251b seq=2 suspicious=False score=0.035
[2025-10-31 14:30:28,527] [INFO] Request 1761901228493_7103192422452159445 completed in 0.034s
[2025-10-31 14:30:28,527] [INFO] 127.0.0.1 - - [31/Oct/2025 14:30:28] "POST /submitReading HTTP/1.1" 200 -
[2025-10-31 14:30:38,533] [INFO] Stored reading: meter=0x7e994d1943D223587E713ecBabf9ca1a79cf251b seq=3 suspicious=False score=0.035
[2025-10-31 14:30:38,533] [INFO] Stored reading: meter=0x7e994d1943D223587E713ecBabf9ca1a79cf251b seq=3 suspicious=False score=0.035
[2025-10-31 14:30:38,534] [INFO] Request 1761901238498_7103192422452159445 completed in 0.036s
[2025-10-31 14:30:38,534] [INFO] 127.0.0.1 - - [31/Oct/2025 14:30:38] "POST /submitReading HTTP/1.1" 200 -
[2025-10-31 14:30:48,537] [INFO] Stored reading: meter=0x7e994d1943D223587E713ecBabf9ca1a79cf251b seq=4 suspicious=False score=0.035
[2025-10-31 14:30:48,537] [INFO] Stored reading: meter=0x7e994d1943D223587E713ecBabf9ca1a79cf251b seq=4 suspicious=False score=0.035
[2025-10-31 14:30:48,538] [INFO] Request 1761901248503_7103192422452159445 completed in 0.034s
[2025-10-31 14:30:48,538] [INFO] 127.0.0.1 - - [31/Oct/2025 14:30:48] "POST /submitReading HTTP/1.1" 200 -
[2025-10-31 14:30:58,551] [INFO] Stored reading: meter=0x7e994d1943D223587E713ecBabf9ca1a79cf251b seq=5 suspicious=False score=0.035
[2025-10-31 14:30:58,551] [INFO] Stored reading: meter=0x7e994d1943D223587E713ecBabf9ca1a79cf251b seq=5 suspicious=False score=0.035
[2025-10-31 14:30:58,552] [INFO] Request 1761901258510_7103192422452159445 completed in 0.041s
[2025-10-31 14:30:58,552] [INFO] 127.0.0.1 - - [31/Oct/2025 14:30:58] "POST /submitReading HTTP/1.1" 200 -
[2025-10-31 14:31:08,566] [INFO] Stored reading: meter=0x7e994d1943D223587E713ecBabf9ca1a79cf251b seq=6 suspicious=False score=0.035
[2025-10-31 14:31:08,567] [INFO] Stored reading: meter=0x7e994d1943D223587E713ecBabf9ca1a79cf251b seq=6 suspicious=False score=0.035
[2025-10-31 14:31:08,567] [INFO] Request 1761901268517_7103192422452159445 completed in 0.051s
[2025-10-31 14:31:08,568] [INFO] 127.0.0.1 - - [31/Oct/2025 14:31:08] "POST /submitReading HTTP/1.1" 200 -
[2025-10-31 14:31:18,548] [ERROR] Forensic analysis failed: sequence index must be integer, not 'slice'
[2025-10-31 14:31:18,555] [INFO] Stored reading: meter=0x7e994d1943D223587E713ecBabf9ca1a79cf251b seq=7 suspicious=False score=0.035
[2025-10-31 14:31:18,555] [INFO] Stored reading: meter=0x7e994d1943D223587E713ecBabf9ca1a79cf251b seq=7 suspicious=False score=0.035
[2025-10-31 14:31:18,555] [INFO] Request 1761901278522_7103192422452159445 completed in 0.034s
[2025-10-31 14:31:18,556] [INFO] 127.0.0.1 - - [31/Oct/2025 14:31:18] "POST /submitReading HTTP/1.1" 200 -
[2025-10-31 14:31:28,555] [ERROR] Forensic analysis failed: sequence index must be integer, not 'slice'
[2025-10-31 14:31:28,562] [INFO] Stored reading: meter=0x7e994d1943D223587E713ecBabf9ca1a79cf251b seq=8 suspicious=False score=0.035
[2025-10-31 14:31:28,562] [INFO] Stored reading: meter=0x7e994d1943D223587E713ecBabf9ca1a79cf251b seq=8 suspicious=False score=0.035
[2025-10-31 14:31:28,563] [INFO] Request 1761901288528_7103192422452159445 completed in 0.035s
[2025-10-31 14:31:28,563] [INFO] 127.0.0.1 - - [31/Oct/2025 14:31:28] "POST /submitReading HTTP/1.1" 200 -
[2025-10-31 21:24:37,877] [INFO] Database initialized successfully.
[2025-10-31 21:24:37,877] [INFO] Rate limiter initialized
[2025-10-31 21:24:37,878] [INFO] Forensic analyzer initialized
[2025-10-31 21:24:37,883] [INFO] Starting enhanced backend server with SSE support...
[2025-10-31 21:24:37,883] [INFO] Blockchain enabled: False
[2025-10-31 21:24:37,883] [INFO] Rate limiting enabled: True
[2025-10-31 21:24:37,883] [INFO] Forensics enabled: True
[2025-10-31 21:24:37,883] [INFO] SSE streaming enabled for real-time updates
[2025-10-31 21:24:37,889] [INFO] [31m[1mWARNING: This is a development server. Do not use it in a production deployment. Use a production WSGI server instead.[0m
 * Running on http://127.0.0.1:5000
[2025-10-31 21:24:37,889] [INFO] [33mPress CTRL+C to quit[0m
[2025-10-31 21:24:38,191] [INFO] Request 1761926078188_-552518337434228175 completed in 0.003s
[2025-10-31 21:24:38,191] [INFO] 127.0.0.1 - - [31/Oct/2025 21:24:38] "GET /health HTTP/1.1" 200 -
[2025-10-31 21:24:38,612] [INFO] Request 1761926078612_-552518337434228175 completed in 0.000s
[2025-10-31 21:24:38,612] [INFO] Request 1761926078612_-552518337434228175 completed in 0.000s
[2025-10-31 21:24:38,612] [INFO] Request 1761926078612_-552518337434228175 completed in 0.000s
[2025-10-31 21:24:38,613] [INFO] Request 1761926078613_-552518337434228175 completed in 0.000s
[2025-10-31 21:24:38,613] [INFO] New subscriber to stream: readings
[2025-10-31 21:24:38,613] [INFO] New subscriber to stream: alerts
[2025-10-31 21:24:38,613] [INFO] New subscriber to stream: alerts
[2025-10-31 21:24:38,613] [INFO] New subscriber to stream: readings
[2025-10-31 21:24:38,614] [INFO] 127.0.0.1 - - [31/Oct/2025 21:24:38] "GET /api/stream/readings HTTP/1.1" 200 -
[2025-10-31 21:24:38,614] [INFO] 127.0.0.1 - - [31/Oct/2025 21:24:38] "GET /api/stream/alerts HTTP/1.1" 200 -
[2025-10-31 21:24:38,614] [INFO] 127.0.0.1 - - [31/Oct/2025 21:24:38] "GET /api/stream/alerts HTTP/1.1" 200 -
[2025-10-31 21:24:38,614] [INFO] 127.0.0.1 - - [31/Oct/2025 21:24:38] "GET /api/stream/readings HTTP/1.1" 200 -
[2025-10-31 21:24:39,613] [INFO] Request 1761926079613_-552518337434228175 completed in 0.000s
[2025-10-31 21:24:39,614] [INFO] New subscriber to stream: alerts
[2025-10-31 21:24:39,614] [INFO] 127.0.0.1 - - [31/Oct/2025 21:24:39] "GET /api/stream/alerts HTTP/1.1" 200 -
[2025-10-31 21:24:39,615] [INFO] Request 1761926079615_-552518337434228175 completed in 0.000s
[2025-10-31 21:24:39,615] [INFO] New subscriber to stream: readings
[2025-10-31 21:24:39,615] [INFO] 127.0.0.1 - - [31/Oct/2025 21:24:39] "GET /api/stream/readings HTTP/1.1" 200 -
[2025-10-31 21:24:41,496] [WARNING] Non-increasing sequence: meter=0x7e994d1943D223587E713ecBabf9ca1a79cf251b seq=1 last_seq=8
[2025-10-31 21:24:41,496] [INFO] Request 1761926081489_-552518337434228175 completed in 0.007s
[2025-10-31 21:24:41,496] [INFO] 127.0.0.1 - - [31/Oct/2025 21:24:41] "[31m[1mPOST /submitReading HTTP/1.1[0m" 409 -
[2025-10-31 21:24:41,610] [INFO] Request 1761926081610_-552518337434228175 completed in 0.000s
[2025-10-31 21:24:41,610] [INFO] Request 1761926081610_-552518337434228175 completed in 0.000s
[2025-10-31 21:24:41,610] [INFO] Request 1761926081610_-552518337434228175 completed in 0.000s
[2025-10-31 21:24:41,611] [INFO] Request 1761926081610_-552518337434228175 completed in 0.000s
[2025-10-31 21:24:41,611] [INFO] New subscriber to stream: alerts
[2025-10-31 21:24:41,611] [INFO] New subscriber to stream: readings
[2025-10-31 21:24:41,611] [INFO] New subscriber to stream: alerts
[2025-10-31 21:24:41,611] [INFO] New subscriber to stream: readings
[2025-10-31 21:24:41,612] [INFO] 127.0.0.1 - - [31/Oct/2025 21:24:41] "GET /api/stream/alerts HTTP/1.1" 200 -
[2025-10-31 21:24:41,612] [INFO] 127.0.0.1 - - [31/Oct/2025 21:24:41] "GET /api/stream/readings HTTP/1.1" 200 -
[2025-10-31 21:24:41,612] [INFO] 127.0.0.1 - - [31/Oct/2025 21:24:41] "GET /api/stream/alerts HTTP/1.1" 200 -
[2025-10-31 21:24:41,612] [INFO] 127.0.0.1 - - [31/Oct/2025 21:24:41] "GET /api/stream/readings HTTP/1.1" 200 -
[2025-10-31 21:24:42,609] [INFO] Request 1761926082609_-552518337434228175 completed in 0.000s
[2025-10-31 21:24:42,609] [INFO] Request 1761926082609_-552518337434228175 completed in 0.000s
[2025-10-31 21:24:42,610] [INFO] Request 1761926082610_-552518337434228175 completed in 0.000s
[2025-10-31 21:24:42,610] [INFO] Request 1761926082610_-552518337434228175 completed in 0.000s
[2025-10-31 21:24:42,610] [INFO] New subscriber to stream: alerts
[2025-10-31 21:24:42,610] [INFO] New subscriber to stream: readings
[2025-10-31 21:24:42,610] [INFO] New subscriber to stream: alerts
[2025-10-31 21:24:42,611] [INFO] New subscriber to stream: readings
[2025-10-31 21:24:42,611] [INFO] 127.0.0.1 - - [31/Oct/2025 21:24:42] "GET /api/stream/alerts HTTP/1.1" 200 -
[2025-10-31 21:24:42,611] [INFO] 127.0.0.1 - - [31/Oct/2025 21:24:42] "GET /api/stream/readings HTTP/1.1" 200 -
[2025-10-31 21:24:42,611] [INFO] Request 1761926082611_-552518337434228175 completed in 0.000s
[2025-10-31 21:24:42,612] [INFO] 127.0.0.1 - - [31/Oct/2025 21:24:42] "GET /api/stream/alerts HTTP/1.1" 200 -
[2025-10-31 21:24:42,612] [INFO] 127.0.0.1 - - [31/Oct/2025 21:24:42] "GET /api/stream/readings HTTP/1.1" 200 -
[2025-10-31 21:24:42,612] [INFO] New subscriber to stream: alerts
[2025-10-31 21:24:42,613] [INFO] Unsubscribed from stream: readings
[2025-10-31 21:24:42,613] [INFO] 127.0.0.1 - - [31/Oct/2025 21:24:42] "GET /api/stream/alerts HTTP/1.1" 200 -
[2025-10-31 21:24:42,614] [INFO] Request 1761926082614_-552518337434228175 completed in 0.000s
[2025-10-31 21:24:42,614] [INFO] Unsubscribed from stream: alerts
[2025-10-31 21:24:42,616] [INFO] Unsubscribed from stream: alerts
[2025-10-31 21:24:42,616] [INFO] Unsubscribed from stream: readings
[2025-10-31 21:24:42,616] [INFO] Unsubscribed from stream: alerts
[2025-10-31 21:24:42,616] [INFO] New subscriber to stream: readings
[2025-10-31 21:24:42,617] [INFO] 127.0.0.1 - - [31/Oct/2025 21:24:42] "GET /api/stream/readings HTTP/1.1" 200 -
[2025-10-31 21:24:42,617] [INFO] Unsubscribed from stream: readings
[2025-10-31 21:24:42,621] [INFO] Request 1761926082621_-552518337434228175 completed in 0.000s
[2025-10-31 21:24:42,621] [INFO] Request 1761926082621_-552518337434228175 completed in 0.000s
[2025-10-31 21:24:42,622] [INFO] New subscriber to stream: alerts
[2025-10-31 21:24:42,622] [INFO] Request 1761926082622_-552518337434228175 completed in 0.000s
[2025-10-31 21:24:42,622] [INFO] Request 1761926082622_-552518337434228175 completed in 0.000s
[2025-10-31 21:24:42,623] [INFO] Request 1761926082622_-552518337434228175 completed in 0.000s
[2025-10-31 21:24:42,623] [INFO] Request 1761926082623_-552518337434228175 completed in 0.000s
[2025-10-31 21:24:42,623] [INFO] New subscriber to stream: readings
[2025-10-31 21:24:42,623] [INFO] Request 1761926082623_-552518337434228175 completed in 0.000s
[2025-10-31 21:24:42,623] [INFO] Request 1761926082623_-552518337434228175 completed in 0.000s
[2025-10-31 21:24:42,624] [INFO] Request 1761926082624_-552518337434228175 completed in 0.000s
[2025-10-31 21:24:42,624] [INFO] 127.0.0.1 - - [31/Oct/2025 21:24:42] "GET /api/stream/alerts HTTP/1.1" 200 -
[2025-10-31 21:24:42,624] [INFO] New subscriber to stream: readings
[2025-10-31 21:24:42,624] [INFO] New subscriber to stream: alerts
[2025-10-31 21:24:42,625] [INFO] New subscriber to stream: alerts
[2025-10-31 21:24:42,625] [INFO] New subscriber to stream: readings
[2025-10-31 21:24:42,625] [INFO] 127.0.0.1 - - [31/Oct/2025 21:24:42] "GET /api/stream/readings HTTP/1.1" 200 -
[2025-10-31 21:24:42,625] [INFO] New subscriber to stream: alerts
[2025-10-31 21:24:42,626] [INFO] New subscriber to stream: readings
[2025-10-31 21:24:42,626] [INFO] New subscriber to stream: alerts
[2025-10-31 21:24:42,626] [INFO] 127.0.0.1 - - [31/Oct/2025 21:24:42] "GET /api/stream/readings HTTP/1.1" 200 -
[2025-10-31 21:24:42,626] [INFO] 127.0.0.1 - - [31/Oct/2025 21:24:42] "GET /api/stream/alerts HTTP/1.1" 200 -
[2025-10-31 21:24:42,626] [INFO] Unsubscribed from stream: alerts
[2025-10-31 21:24:42,626] [INFO] 127.0.0.1 - - [31/Oct/2025 21:24:42] "GET /api/stream/alerts HTTP/1.1" 200 -
[2025-10-31 21:24:42,627] [INFO] 127.0.0.1 - - [31/Oct/2025 21:24:42] "GET /api/stream/readings HTTP/1.1" 200 -
[2025-10-31 21:24:42,627] [INFO] 127.0.0.1 - - [31/Oct/2025 21:24:42] "GET /api/stream/alerts HTTP/1.1" 200 -
[2025-10-31 21:24:42,627] [INFO] 127.0.0.1 - - [31/Oct/2025 21:24:42] "GET /api/stream/readings HTTP/1.1" 200 -
[2025-10-31 21:24:42,627] [INFO] 127.0.0.1 - - [31/Oct/2025 21:24:42] "GET /api/stream/alerts HTTP/1.1" 200 -
[2025-10-31 21:24:42,627] [INFO] Unsubscribed from stream: readings
[2025-10-31 21:24:42,628] [INFO] Unsubscribed from stream: alerts
[2025-10-31 21:24:43,565] [INFO] Stored reading: meter=0x4b0a1764c7F3726d128D7cED59680Dcf0153b72f seq=1 suspicious=False score=0.24
[2025-10-31 21:24:43,565] [INFO] Stored reading: meter=0x4b0a1764c7F3726d128D7cED59680Dcf0153b72f seq=1 suspicious=False score=0.24
[2025-10-31 21:24:43,565] [INFO] Request 1761926083534_-552518337434228175 completed in 0.030s
[2025-10-31 21:24:43,565] [INFO] 127.0.0.1 - - [31/Oct/2025 21:24:43] "POST /submitReading HTTP/1.1" 200 -
[2025-10-31 21:24:43,566] [INFO] Unsubscribed from stream: readings
[2025-10-31 21:24:43,566] [INFO] Unsubscribed from stream: readings
[2025-10-31 21:24:43,566] [INFO] Unsubscribed from stream: readings
[2025-10-31 21:24:43,567] [INFO] Unsubscribed from stream: readings
[2025-10-31 21:24:43,567] [INFO] Unsubscribed from stream: readings
[2025-10-31 21:24:43,609] [INFO] Request 1761926083609_-552518337434228175 completed in 0.000s
[2025-10-31 21:24:43,610] [INFO] New subscriber to stream: alerts
[2025-10-31 21:24:43,610] [INFO] 127.0.0.1 - - [31/Oct/2025 21:24:43] "GET /api/stream/alerts HTTP/1.1" 200 -
[2025-10-31 21:24:43,611] [INFO] Request 1761926083611_-552518337434228175 completed in 0.000s
[2025-10-31 21:24:43,611] [INFO] New subscriber to stream: readings
[2025-10-31 21:24:43,612] [INFO] 127.0.0.1 - - [31/Oct/2025 21:24:43] "GET /api/stream/readings HTTP/1.1" 200 -
[2025-10-31 21:24:43,619] [INFO] Request 1761926083619_-552518337434228175 completed in 0.000s
[2025-10-31 21:24:43,619] [INFO] Request 1761926083619_-552518337434228175 completed in 0.000s
[2025-10-31 21:24:43,620] [INFO] Request 1761926083620_-552518337434228175 completed in 0.000s
[2025-10-31 21:24:43,620] [INFO] Request 1761926083620_-552518337434228175 completed in 0.000s
[2025-10-31 21:24:43,620] [INFO] Request 1761926083620_-552518337434228175 completed in 0.000s
[2025-10-31 21:24:43,620] [INFO] New subscriber to stream: readings
[2025-10-31 21:24:43,621] [INFO] New subscriber to stream: alerts
[2025-10-31 21:24:43,621] [INFO] New subscriber to stream: alerts
[2025-10-31 21:24:43,621] [INFO] New subscriber to stream: readings
[2025-10-31 21:24:43,621] [INFO] New subscriber to stream: alerts
[2025-10-31 21:24:43,621] [INFO] 127.0.0.1 - - [31/Oct/2025 21:24:43] "GET /api/stream/readings HTTP/1.1" 200 -
[2025-10-31 21:24:43,622] [INFO] 127.0.0.1 - - [31/Oct/2025 21:24:43] "GET /api/stream/alerts HTTP/1.1" 200 -
[2025-10-31 21:24:43,622] [INFO] 127.0.0.1 - - [31/Oct/2025 21:24:43] "GET /api/stream/alerts HTTP/1.1" 200 -
[2025-10-31 21:24:43,622] [INFO] 127.0.0.1 - - [31/Oct/2025 21:24:43] "GET /api/stream/readings HTTP/1.1" 200 -
[2025-10-31 21:24:43,622] [INFO] 127.0.0.1 - - [31/Oct/2025 21:24:43] "GET /api/stream/alerts HTTP/1.1" 200 -
[2025-10-31 21:28:57,488] [INFO] Database initialized successfully.
[2025-10-31 21:28:57,489] [INFO] Rate limiter initialized
[2025-10-31 21:28:57,489] [INFO] Forensic analyzer initialized
[2025-10-31 21:28:57,494] [INFO] Starting enhanced backend server with SSE support...
[2025-10-31 21:28:57,494] [INFO] Blockchain enabled: False
[2025-10-31 21:28:57,494] [INFO] Rate limiting enabled: True
[2025-10-31 21:28:57,494] [INFO] Forensics enabled: True
[2025-10-31 21:28:57,494] [INFO] SSE streaming enabled for real-time updates
[2025-10-31 21:28:57,499] [INFO] [31m[1mWARNING: This is a development server. Do not use it in a production deployment. Use a production WSGI server instead.[0m
 * Running on http://127.0.0.1:5000
[2025-10-31 21:28:57,499] [INFO] [33mPress CTRL+C to quit[0m
[2025-10-31 21:28:57,845] [INFO] Request 1761926337842_2727093182379576318 completed in 0.002s
[2025-10-31 21:28:57,845] [INFO] 127.0.0.1 - - [31/Oct/2025 21:28:57] "GET /health HTTP/1.1" 200 -
[2025-10-31 21:39:20,245] [INFO] Database initialized successfully.
[2025-10-31 21:39:20,246] [INFO] Rate limiter initialized
[2025-10-31 21:39:20,247] [INFO] Forensic analyzer initialized
[2025-10-31 21:39:20,252] [INFO] Starting enhanced backend server with SSE support...
[2025-10-31 21:39:20,252] [INFO] Blockchain enabled: True
[2025-10-31 21:39:20,252] [INFO] Rate limiting enabled: True
[2025-10-31 21:39:20,252] [INFO] Forensics enabled: True
[2025-10-31 21:39:20,252] [INFO] SSE streaming enabled for real-time updates
[2025-10-31 21:39:20,259] [INFO] [31m[1mWARNING: This is a development server. Do not use it in a production deployment. Use a production WSGI server instead.[0m
 * Running on http://127.0.0.1:5000
[2025-10-31 21:39:20,259] [INFO] [33mPress CTRL+C to quit[0m
[2025-10-31 21:39:20,616] [INFO] Request 1761926960616_-3278000637335525463 completed in 0.000s
[2025-10-31 21:39:20,617] [INFO] New subscriber to stream: alerts
[2025-10-31 21:39:20,617] [INFO] Request 1761926960617_-3278000637335525463 completed in 0.000s
[2025-10-31 21:39:20,617] [INFO] Request 1761926960617_-3278000637335525463 completed in 0.000s
[2025-10-31 21:39:20,617] [INFO] 127.0.0.1 - - [31/Oct/2025 21:39:20] "GET /api/stream/alerts HTTP/1.1" 200 -
[2025-10-31 21:39:20,617] [INFO] New subscriber to stream: readings
[2025-10-31 21:39:20,618] [INFO] New subscriber to stream: readings
[2025-10-31 21:39:20,618] [INFO] 127.0.0.1 - - [31/Oct/2025 21:39:20] "GET /api/stream/readings HTTP/1.1" 200 -
[2025-10-31 21:39:20,618] [INFO] 127.0.0.1 - - [31/Oct/2025 21:39:20] "GET /api/stream/readings HTTP/1.1" 200 -
[2025-10-31 21:39:20,619] [INFO] Request 1761926960619_-3278000637335525463 completed in 0.000s
[2025-10-31 21:39:20,620] [INFO] New subscriber to stream: alerts
[2025-10-31 21:39:20,620] [INFO] 127.0.0.1 - - [31/Oct/2025 21:39:20] "GET /api/stream/alerts HTTP/1.1" 200 -
[2025-10-31 21:39:20,623] [INFO] Request 1761926960623_-3278000637335525463 completed in 0.000s
[2025-10-31 21:39:20,624] [INFO] New subscriber to stream: alerts
[2025-10-31 21:39:20,624] [INFO] 127.0.0.1 - - [31/Oct/2025 21:39:20] "GET /api/stream/alerts HTTP/1.1" 200 -
[2025-10-31 21:39:20,624] [INFO] Request 1761926960624_-3278000637335525463 completed in 0.000s
[2025-10-31 21:39:20,624] [INFO] New subscriber to stream: readings
[2025-10-31 21:39:20,625] [INFO] 127.0.0.1 - - [31/Oct/2025 21:39:20] "GET /api/stream/readings HTTP/1.1" 200 -
[2025-10-31 21:39:20,704] [INFO] Request 1761926960702_-3278000637335525463 completed in 0.002s
[2025-10-31 21:39:20,705] [INFO] 127.0.0.1 - - [31/Oct/2025 21:39:20] "GET /health HTTP/1.1" 200 -
[2025-10-31 21:39:23,665] [INFO] Request 1761926963664_-3278000637335525463 completed in 0.001s
[2025-10-31 21:39:23,668] [INFO] New subscriber to stream: alerts
[2025-10-31 21:39:23,669] [INFO] Request 1761926963669_-3278000637335525463 completed in 0.000s
[2025-10-31 21:39:23,669] [INFO] Request 1761926963669_-3278000637335525463 completed in 0.000s
[2025-10-31 21:39:23,670] [INFO] 127.0.0.1 - - [31/Oct/2025 21:39:23] "GET /api/stream/alerts HTTP/1.1" 200 -
[2025-10-31 21:39:23,670] [INFO] New subscriber to stream: readings
[2025-10-31 21:39:23,671] [INFO] Request 1761926963671_-3278000637335525463 completed in 0.000s
[2025-10-31 21:39:23,671] [INFO] New subscriber to stream: alerts
[2025-10-31 21:39:23,672] [INFO] Request 1761926963672_-3278000637335525463 completed in 0.000s
[2025-10-31 21:39:23,672] [INFO] 127.0.0.1 - - [31/Oct/2025 21:39:23] "GET /api/stream/readings HTTP/1.1" 200 -
[2025-10-31 21:39:23,674] [INFO] Request 1761926963674_-3278000637335525463 completed in 0.000s
[2025-10-31 21:39:23,674] [INFO] New subscriber to stream: readings
[2025-10-31 21:39:23,674] [INFO] 127.0.0.1 - - [31/Oct/2025 21:39:23] "GET /api/stream/alerts HTTP/1.1" 200 -
[2025-10-31 21:39:23,674] [INFO] New subscriber to stream: alerts
[2025-10-31 21:39:23,675] [INFO] New subscriber to stream: readings
[2025-10-31 21:39:23,675] [INFO] 127.0.0.1 - - [31/Oct/2025 21:39:23] "GET /api/stream/readings HTTP/1.1" 200 -
[2025-10-31 21:39:23,675] [INFO] 127.0.0.1 - - [31/Oct/2025 21:39:23] "GET /api/stream/alerts HTTP/1.1" 200 -
[2025-10-31 21:39:23,675] [INFO] 127.0.0.1 - - [31/Oct/2025 21:39:23] "GET /api/stream/readings HTTP/1.1" 200 -
[2025-10-31 21:39:24,742] [WARNING] Non-increasing sequence: meter=0x7e994d1943D223587E713ecBabf9ca1a79cf251b seq=1 last_seq=8
[2025-10-31 21:39:24,743] [INFO] Request 1761926964716_-3278000637335525463 completed in 0.027s
[2025-10-31 21:39:24,744] [INFO] 127.0.0.1 - - [31/Oct/2025 21:39:24] "[31m[1mPOST /submitReading HTTP/1.1[0m" 409 -
[2025-10-31 21:47:03,340] [INFO] Database initialized successfully.
[2025-10-31 21:47:03,341] [INFO] Rate limiter initialized
[2025-10-31 21:47:03,341] [INFO] Forensic analyzer initialized
[2025-10-31 21:47:03,345] [INFO] Starting enhanced backend server with SSE support...
[2025-10-31 21:47:03,345] [INFO] Blockchain enabled: True
[2025-10-31 21:47:03,345] [INFO] Rate limiting enabled: True
[2025-10-31 21:47:03,345] [INFO] Forensics enabled: True
[2025-10-31 21:47:03,346] [INFO] SSE streaming enabled for real-time updates
[2025-10-31 21:47:03,350] [INFO] [31m[1mWARNING: This is a development server. Do not use it in a production deployment. Use a production WSGI server instead.[0m
 * Running on http://127.0.0.1:5000
[2025-10-31 21:47:03,350] [INFO] [33mPress CTRL+C to quit[0m
[2025-10-31 21:49:13,034] [INFO] Database initialized successfully.
[2025-10-31 21:49:13,034] [INFO] Rate limiter initialized
[2025-10-31 21:49:13,035] [INFO] Forensic analyzer initialized
[2025-10-31 21:49:13,039] [INFO] Starting enhanced backend server with SSE support...
[2025-10-31 21:49:13,039] [INFO] Blockchain enabled: True
[2025-10-31 21:49:13,039] [INFO] Rate limiting enabled: True
[2025-10-31 21:49:13,039] [INFO] Forensics enabled: True
[2025-10-31 21:49:13,039] [INFO] SSE streaming enabled for real-time updates
[2025-10-31 21:49:13,044] [INFO] [31m[1mWARNING: This is a development server. Do not use it in a production deployment. Use a production WSGI server instead.[0m
 * Running on http://127.0.0.1:5000
[2025-10-31 21:49:13,044] [INFO] [33mPress CTRL+C to quit[0m
[2025-10-31 21:49:13,577] [INFO] Request 1761927553574_8246755302861977230 completed in 0.003s
[2025-10-31 21:49:13,578] [INFO] 127.0.0.1 - - [31/Oct/2025 21:49:13] "GET /health HTTP/1.1" 200 -
[2025-10-31 21:51:29,960] [INFO] Database initialized successfully.
[2025-10-31 21:51:29,961] [INFO] Rate limiter initialized
[2025-10-31 21:51:29,961] [INFO] Forensic analyzer initialized
[2025-10-31 21:51:29,965] [INFO] Starting enhanced backend server with SSE support...
[2025-10-31 21:51:29,965] [INFO] Blockchain enabled: True
[2025-10-31 21:51:29,965] [INFO] Rate limiting enabled: True
[2025-10-31 21:51:29,966] [INFO] Forensics enabled: True
[2025-10-31 21:51:29,966] [INFO] SSE streaming enabled for real-time updates
[2025-10-31 21:51:29,970] [INFO] [31m[1mWARNING: This is a development server. Do not use it in a production deployment. Use a production WSGI server instead.[0m
 * Running on http://127.0.0.1:5000
[2025-10-31 21:51:29,970] [INFO] [33mPress CTRL+C to quit[0m
[2025-10-31 21:55:00,834] [INFO] Database initialized successfully.
[2025-10-31 21:55:00,835] [INFO] Rate limiter initialized
[2025-10-31 21:55:00,835] [INFO] Forensic analyzer initialized
[2025-10-31 21:55:00,839] [INFO] Starting enhanced backend server with SSE support...
[2025-10-31 21:55:00,839] [INFO] Blockchain enabled: True
[2025-10-31 21:55:00,839] [INFO] Rate limiting enabled: True
[2025-10-31 21:55:00,839] [INFO] Forensics enabled: True
[2025-10-31 21:55:00,839] [INFO] SSE streaming enabled for real-time updates
[2025-10-31 21:55:00,844] [INFO] [31m[1mWARNING: This is a development server. Do not use it in a production deployment. Use a production WSGI server instead.[0m
 * Running on http://127.0.0.1:5000
[2025-10-31 21:55:00,844] [INFO] [33mPress CTRL+C to quit[0m
[2025-10-31 21:55:01,399] [INFO] Request 1761927901396_6745156305024208204 completed in 0.003s
[2025-10-31 21:55:01,400] [INFO] 127.0.0.1 - - [31/Oct/2025 21:55:01] "GET /health HTTP/1.1" 200 -
[2025-10-31 21:55:01,992] [INFO] Request 1761927901992_6745156305024208204 completed in 0.000s
[2025-10-31 21:55:01,993] [INFO] New subscriber to stream: readings
[2025-10-31 21:55:01,993] [INFO] 127.0.0.1 - - [31/Oct/2025 21:55:01] "GET /api/stream/readings HTTP/1.1" 200 -
[2025-10-31 21:55:01,993] [INFO] Request 1761927901993_6745156305024208204 completed in 0.000s
[2025-10-31 21:55:01,994] [INFO] New subscriber to stream: alerts
[2025-10-31 21:55:01,994] [INFO] 127.0.0.1 - - [31/Oct/2025 21:55:01] "GET /api/stream/alerts HTTP/1.1" 200 -
[2025-10-31 21:55:02,003] [INFO] Request 1761927902003_6745156305024208204 completed in 0.000s
[2025-10-31 21:55:02,003] [INFO] New subscriber to stream: readings
[2025-10-31 21:55:02,004] [INFO] Request 1761927902004_6745156305024208204 completed in 0.000s
[2025-10-31 21:55:02,004] [INFO] 127.0.0.1 - - [31/Oct/2025 21:55:02] "GET /api/stream/readings HTTP/1.1" 200 -
[2025-10-31 21:55:02,004] [INFO] New subscriber to stream: alerts
[2025-10-31 21:55:02,004] [INFO] 127.0.0.1 - - [31/Oct/2025 21:55:02] "GET /api/stream/alerts HTTP/1.1" 200 -
[2025-10-31 21:55:04,665] [WARNING] Non-increasing sequence: meter=0x7e994d1943D223587E713ecBabf9ca1a79cf251b seq=1 last_seq=8
[2025-10-31 21:55:04,665] [INFO] Request 1761927904659_6745156305024208204 completed in 0.007s
[2025-10-31 21:55:04,665] [INFO] 127.0.0.1 - - [31/Oct/2025 21:55:04] "[31m[1mPOST /submitReading HTTP/1.1[0m" 409 -
[2025-10-31 21:55:06,666] [WARNING] Non-increasing sequence: meter=0x4b0a1764c7F3726d128D7cED59680Dcf0153b72f seq=1 last_seq=1
[2025-10-31 21:55:06,666] [INFO] Request 1761927906660_6745156305024208204 completed in 0.006s
[2025-10-31 21:55:06,666] [INFO] 127.0.0.1 - - [31/Oct/2025 21:55:06] "[31m[1mPOST /submitReading HTTP/1.1[0m" 409 -
[2025-10-31 21:55:14,668] [WARNING] Non-increasing sequence: meter=0x7e994d1943D223587E713ecBabf9ca1a79cf251b seq=2 last_seq=8
[2025-10-31 21:55:14,668] [INFO] Request 1761927914662_6745156305024208204 completed in 0.006s
[2025-10-31 21:55:14,668] [INFO] 127.0.0.1 - - [31/Oct/2025 21:55:14] "[31m[1mPOST /submitReading HTTP/1.1[0m" 409 -
[2025-10-31 21:55:24,677] [WARNING] Non-increasing sequence: meter=0x7e994d1943D223587E713ecBabf9ca1a79cf251b seq=3 last_seq=8
[2025-10-31 21:55:24,677] [INFO] Request 1761927924669_6745156305024208204 completed in 0.008s
[2025-10-31 21:55:24,678] [INFO] 127.0.0.1 - - [31/Oct/2025 21:55:24] "[31m[1mPOST /submitReading HTTP/1.1[0m" 409 -
[2025-10-31 21:55:26,742] [INFO] Stored reading: meter=0x4b0a1764c7F3726d128D7cED59680Dcf0153b72f seq=2 suspicious=False score=0.24
[2025-10-31 21:55:26,742] [INFO] Stored reading: meter=0x4b0a1764c7F3726d128D7cED59680Dcf0153b72f seq=2 suspicious=False score=0.24
[2025-10-31 21:55:26,743] [INFO] Request 1761927926667_6745156305024208204 completed in 0.076s
[2025-10-31 21:55:26,743] [INFO] 127.0.0.1 - - [31/Oct/2025 21:55:26] "POST /submitReading HTTP/1.1" 200 -
[2025-10-31 21:55:26,743] [INFO] Unsubscribed from stream: readings
[2025-10-31 21:55:26,753] [INFO] Request 1761927926752_6745156305024208204 completed in 0.000s
[2025-10-31 21:55:26,753] [INFO] Request 1761927926753_6745156305024208204 completed in 0.000s
[2025-10-31 21:55:26,753] [INFO] New subscriber to stream: readings
[2025-10-31 21:55:26,753] [INFO] New subscriber to stream: alerts
[2025-10-31 21:55:26,753] [INFO] 127.0.0.1 - - [31/Oct/2025 21:55:26] "GET /api/stream/readings HTTP/1.1" 200 -
[2025-10-31 21:55:26,753] [INFO] 127.0.0.1 - - [31/Oct/2025 21:55:26] "GET /api/stream/alerts HTTP/1.1" 200 -
[2025-10-31 21:55:31,995] [INFO] Unsubscribed from stream: alerts
[2025-10-31 21:55:32,005] [INFO] Unsubscribed from stream: alerts
[2025-10-31 21:55:34,683] [WARNING] Non-increasing sequence: meter=0x7e994d1943D223587E713ecBabf9ca1a79cf251b seq=4 last_seq=8
[2025-10-31 21:55:34,683] [INFO] Request 1761927934675_6745156305024208204 completed in 0.008s
[2025-10-31 21:55:34,684] [INFO] 127.0.0.1 - - [31/Oct/2025 21:55:34] "[31m[1mPOST /submitReading HTTP/1.1[0m" 409 -
[2025-10-31 21:55:44,689] [WARNING] Non-increasing sequence: meter=0x7e994d1943D223587E713ecBabf9ca1a79cf251b seq=5 last_seq=8
[2025-10-31 21:55:44,689] [INFO] Request 1761927944681_6745156305024208204 completed in 0.008s
[2025-10-31 21:55:44,689] [INFO] 127.0.0.1 - - [31/Oct/2025 21:55:44] "[31m[1mPOST /submitReading HTTP/1.1[0m" 409 -
[2025-10-31 21:55:46,709] [INFO] Stored reading: meter=0x4b0a1764c7F3726d128D7cED59680Dcf0153b72f seq=3 suspicious=False score=0.065
[2025-10-31 21:55:46,709] [INFO] Stored reading: meter=0x4b0a1764c7F3726d128D7cED59680Dcf0153b72f seq=3 suspicious=False score=0.065
[2025-10-31 21:55:46,710] [INFO] Request 1761927946673_6745156305024208204 completed in 0.037s
[2025-10-31 21:55:46,710] [INFO] 127.0.0.1 - - [31/Oct/2025 21:55:46] "POST /submitReading HTTP/1.1" 200 -
[2025-10-31 21:55:46,711] [INFO] Unsubscribed from stream: readings
[2025-10-31 21:55:46,720] [INFO] Request 1761927946720_6745156305024208204 completed in 0.000s
[2025-10-31 21:55:46,721] [INFO] New subscriber to stream: readings
[2025-10-31 21:55:46,721] [INFO] Request 1761927946721_6745156305024208204 completed in 0.000s
[2025-10-31 21:55:46,721] [INFO] 127.0.0.1 - - [31/Oct/2025 21:55:46] "GET /api/stream/readings HTTP/1.1" 200 -
[2025-10-31 21:55:46,722] [INFO] New subscriber to stream: alerts
[2025-10-31 21:55:46,722] [INFO] 127.0.0.1 - - [31/Oct/2025 21:55:46] "GET /api/stream/alerts HTTP/1.1" 200 -
[2025-10-31 21:55:54,690] [WARNING] Non-increasing sequence: meter=0x7e994d1943D223587E713ecBabf9ca1a79cf251b seq=6 last_seq=8
[2025-10-31 21:55:54,690] [INFO] Request 1761927954684_6745156305024208204 completed in 0.006s
[2025-10-31 21:55:54,690] [INFO] 127.0.0.1 - - [31/Oct/2025 21:55:54] "[31m[1mPOST /submitReading HTTP/1.1[0m" 409 -
[2025-10-31 21:55:56,754] [INFO] Unsubscribed from stream: alerts
[2025-10-31 21:56:04,698] [WARNING] Non-increasing sequence: meter=0x7e994d1943D223587E713ecBabf9ca1a79cf251b seq=7 last_seq=8
[2025-10-31 21:56:04,698] [INFO] Request 1761927964690_6745156305024208204 completed in 0.008s
[2025-10-31 21:56:04,698] [INFO] 127.0.0.1 - - [31/Oct/2025 21:56:04] "[31m[1mPOST /submitReading HTTP/1.1[0m" 409 -
