=== Ganache started at 2025-10-31 21:54:57 ===

This version of µWS is not compatible with your Node.js build:

Error: Cannot find module '../binaries/uws_linux_x64_127.node'
Require stack:
- /home/rameswar-panda/.nvm/versions/node/v22.21.1/lib/node_modules/ganache/node_modules/@trufflesuite/uws-js-unofficial/src/uws.js
- /home/rameswar-panda/.nvm/versions/node/v22.21.1/lib/node_modules/ganache/dist/node/cli.js
Falling back to a NodeJS implementation; performance may be degraded.


ganache v7.9.2 (@ganache/cli: 0.10.2, @ganache/core: 0.10.2)
Starting RPC server

Available Accounts
==================
(0) 0xf39Fd6e51aad88F6F4ce6aB8827279cffFb92266 (1000000 ETH)
(1) 0x70997970C51812dc3A010C7d01b50e0d17dc79C8 (1000000 ETH)
(2) 0x3C44CdDdB6a900fa2b585dd299e03d12FA4293BC (1000000 ETH)
(3) 0x90F79bf6EB2c4f870365E785982E1f101E93b906 (1000000 ETH)
(4) 0x15d34AAf54267DB7D7c367839AAf71A00a2C6A65 (1000000 ETH)
(5) 0x9965507D1a55bcC2695C58ba16FB37d819B0A4dc (1000000 ETH)
(6) 0x976EA74026E726554dB657fA54763abd0C3a0aa9 (1000000 ETH)
(7) 0x14dC79964da2C08b23698B3D3cc7Ca32193d9955 (1000000 ETH)
(8) 0x23618e81E3f5cdF7f54C3d65f7FBc0aBf5B21E8f (1000000 ETH)
(9) 0xa0Ee7A142d267C1f36714E4a8F75612F20a79720 (1000000 ETH)

Private Keys
==================
(0) 0xac0974bec39a17e36ba4a6b4d238ff944bacb478cbed5efcae784d7bf4f2ff80
(1) 0x59c6995e998f97a5a0044966f0945389dc9e86dae88c7a8412f4603b6b78690d
(2) 0x5de4111afa1a4b94908f83103eb1f1706367c2e68ca870fc3fb9a804cdab365a
(3) 0x7c852118294e51e653712a81e05800f419141751be58f605c371e15141b007a6
(4) 0x47e179ec197488593b187f80a00eb0da91f1b9d0b13f8733639f19c30a34926a
(5) 0x8b3a350cf5c34c9194ca85829a2df0ec3153be0318b5e2d3348e872092edffba
(6) 0x92db14e403b83dfe3df233f83dfa3a0d7096f21ca9b0d6d6b8d88b2b4ec1564e
(7) 0x4bbbf85ce3377467afe5d46f804f221813b2bb87f24d81f60f1fcdbf7cbf4356
(8) 0xdbda1821b80551c9d65939329250298aa3472ba22feea921c0cf5d620ea67b97
(9) 0x2a871d0798f97d79848a013d4936a73bf4cc922c825d33c1cf7073dff6d409c6

HD Wallet
==================
Mnemonic:      test test test test test test test test test test test junk
Base HD Path:  m/44'/60'/0'/0/{account_index}

Default Gas Price
==================
20000000000

BlockGas Limit
==================
9007199254740991

Call Gas Limit
==================
50000000

Chain
==================
Hardfork: shanghai
Id:       1337

RPC Listening on 127.0.0.1:8545
web3_clientVersion
eth_chainId
eth_blockNumber
eth_getBalance
eth_getBalance
eth_chainId
eth_estimateGas
eth_chainId
eth_gasPrice
eth_getTransactionCount
eth_chainId
eth_sendRawTransaction

  Transaction: 0x400e6df00046ba308b769799ed94cb76620792f3fc283d77841e2114e55d46c6
  Contract created: 0x5fbdb2315678afecb367f032d93f642f64180aa3
  Gas usage: 4927401
  Block number: 1
  Block time: Fri Oct 31 2025 21:54:59 GMT+0530 (India Standard Time)

eth_getTransactionReceipt
eth_gasPrice
eth_chainId
eth_estimateGas
eth_chainId
eth_gasPrice
eth_getTransactionCount
eth_chainId
eth_sendRawTransaction

  Transaction: 0xfabcbff73365c855d2c23351482db0f565067860c8ced57c19e5819eaa962fd1
  Contract created: 0xe7f1725e7734ce288f8367e1bb143e90bb3f0512
  Gas usage: 3636249
  Block number: 2
  Block time: Fri Oct 31 2025 21:54:59 GMT+0530 (India Standard Time)

eth_getTransactionReceipt
eth_gasPrice
eth_chainId
eth_estimateGas
eth_chainId
eth_gasPrice
eth_getTransactionCount
eth_chainId
eth_sendRawTransaction

  Transaction: 0x7537c8ebe0346aa73a56978e2ae5dc413c53547ff909aa890f7ebc4ff30f867c
  Contract created: 0x9fe46736679d2d9a65f0992f2272de9f3c7fa6e0
  Gas usage: 2468159
  Block number: 3
  Block time: Fri Oct 31 2025 21:54:59 GMT+0530 (India Standard Time)

eth_getTransactionReceipt
eth_gasPrice
eth_getBalance
eth_chainId
eth_getBlockByNumber

Received shutdown signal: SIGINT
Shutting down…
Server has been shut down
